#
# There is insufficient memory for the Java Runtime Environment to continue.
# Native memory allocation (malloc) failed to allocate 32744 bytes for ChunkPool::allocate
# Possible reasons:
#   The system is out of physical RAM or swap space
#   In 32 bit mode, the process size limit was hit
# Possible solutions:
#   Reduce memory load on the system
#   Increase physical memory or swap space
#   Check if swap backing store is full
#   Use 64 bit Java on a 64 bit OS
#   Decrease Java heap size (-Xmx/-Xms)
#   Decrease number of Java threads
#   Decrease Java thread stack sizes (-Xss)
#   Set larger code cache with -XX:ReservedCodeCacheSize=
# This output file may be truncated or incomplete.
#
#  Out of Memory Error (allocation.cpp:273), pid=16796, tid=63308
#
# JRE version: Java(TM) SE Runtime Environment (8.0_73-b02) (build 1.8.0_73-b02)
# Java VM: Java HotSpot(TM) 64-Bit Server VM (25.73-b02 mixed mode windows-amd64 compressed oops)
# Failed to write core dump. Minidumps are not enabled by default on client versions of Windows
#

---------------  T H R E A D  ---------------

Current thread (0x0000000016fa6800):  JavaThread "C2 CompilerThread1" daemon [_thread_in_native, id=63308, stack(0x0000000017350000,0x0000000017450000)]

Stack: [0x0000000017350000,0x0000000017450000]
[error occurred during error reporting (printing stack bounds), id 0xc0000005]

Native frames: (J=compiled Java code, j=interpreted, Vv=VM code, C=native code)


Current CompileTask:
C2:   8696 1860       4       com.android.dx.ssa.PhiTypeResolver::run (179 bytes)


---------------  P R O C E S S  ---------------

Java Threads: ( => current thread )
  0x0000000016fbb800 JavaThread "Service Thread" daemon [_thread_blocked, id=61852, stack(0x0000000017550000,0x0000000017650000)]
  0x0000000016faa800 JavaThread "C1 CompilerThread2" daemon [_thread_in_native, id=41056, stack(0x0000000017450000,0x0000000017550000)]
=>0x0000000016fa6800 JavaThread "C2 CompilerThread1" daemon [_thread_in_native, id=63308, stack(0x0000000017350000,0x0000000017450000)]
  0x00000000158ec000 JavaThread "C2 CompilerThread0" daemon [_thread_in_native, id=55220, stack(0x0000000016e50000,0x0000000016f50000)]
  0x00000000158ea000 JavaThread "Attach Listener" daemon [_thread_blocked, id=49224, stack(0x0000000016d50000,0x0000000016e50000)]
  0x000000001589f000 JavaThread "Signal Dispatcher" daemon [_thread_blocked, id=58448, stack(0x0000000016c50000,0x0000000016d50000)]
  0x0000000003140800 JavaThread "Finalizer" daemon [_thread_blocked, id=44516, stack(0x0000000016af0000,0x0000000016bf0000)]
  0x000000000313d000 JavaThread "Reference Handler" daemon [_thread_blocked, id=29464, stack(0x00000000169f0000,0x0000000016af0000)]
  0x00000000031be000 JavaThread "main" [_thread_in_Java, id=12460, stack(0x0000000002bd0000,0x0000000002cd0000)]

Other Threads:
  0x0000000015858000 VMThread [stack: 0x00000000168f0000,0x00000000169f0000] [id=16008]
  0x0000000017007800 WatcherThread [stack: 0x0000000017650000,0x0000000017750000] [id=31368]

VM state:not at safepoint (normal execution)

VM Mutex/Monitor currently owned by a thread: None

Heap:
 PSYoungGen      total 71680K, used 67499K [0x00000000eab00000, 0x00000000f3700000, 0x0000000100000000)
  eden space 66560K, 93% used [0x00000000eab00000,0x00000000ee7f2110,0x00000000eec00000)
  from space 5120K, 99% used [0x00000000eec00000,0x00000000ef0f8e00,0x00000000ef100000)
  to   space 5120K, 0% used [0x00000000f3200000,0x00000000f3200000,0x00000000f3700000)
 ParOldGen       total 87552K, used 16629K [0x00000000c0000000, 0x00000000c5580000, 0x00000000eab00000)
  object space 87552K, 18% used [0x00000000c0000000,0x00000000c103d528,0x00000000c5580000)
 Metaspace       used 6379K, capacity 7218K, committed 7296K, reserved 1056768K
  class space    used 605K, capacity 618K, committed 640K, reserved 1048576K

Card table byte_map: [0x0000000012580000,0x0000000012790000] byte_map_base: 0x0000000011f80000

Marking Bits: (ParMarkBitMap*) 0x0000000077250600
 Begin Bits: [0x0000000012cf0000, 0x0000000013cf0000)
 End Bits:   [0x0000000013cf0000, 0x0000000014cf0000)

Polling page: 0x0000000002cd0000

CodeCache: size=245760Kb used=8357Kb max_used=8357Kb free=237402Kb
 bounds [0x00000000031c0000, 0x0000000003a00000, 0x00000000121c0000]
 total_blobs=2130 nmethods=1858 adapters=184
 compilation: enabled

Compilation events (10 events):
Event: 7.428 Thread 0x0000000016faa800 nmethod 1881 0x00000000039eed10 code [0x00000000039eee60, 0x00000000039ef030]
Event: 7.428 Thread 0x0000000016faa800 1882       2       java.util.TreeMap$EntrySet::iterator (19 bytes)
Event: 7.429 Thread 0x0000000016faa800 nmethod 1882 0x00000000039ef0d0 code [0x00000000039ef240, 0x00000000039ef4b0]
Event: 7.433 Thread 0x0000000016faa800 1883       2       java.util.ArrayDeque::pollFirst (42 bytes)
Event: 7.504 Thread 0x0000000016faa800 nmethod 1883 0x00000000039ef610 code [0x00000000039ef780, 0x00000000039ef950]
Event: 7.505 Thread 0x0000000016faa800 1884       2       java.util.ArrayDeque::addLast (53 bytes)
Event: 7.505 Thread 0x0000000016faa800 nmethod 1884 0x00000000039efa50 code [0x00000000039efbe0, 0x00000000039efe98]
Event: 7.505 Thread 0x0000000016faa800 1885       2       com.android.dx.command.dexer.Main$ClassDefItemConsumer::call (5 bytes)
Event: 7.505 Thread 0x0000000016faa800 nmethod 1885 0x00000000039f0050 code [0x00000000039f01c0, 0x00000000039f0328]
Event: 7.533 Thread 0x0000000016faa800 1886   !   2       com.android.dx.cf.cst.ConstantPoolParser::parse0 (731 bytes)

GC Heap History (6 events):
Event: 4.013 GC heap before
{Heap before GC invocations=1 (full 0):
 PSYoungGen      total 38400K, used 33280K [0x00000000eab00000, 0x00000000ed580000, 0x0000000100000000)
  eden space 33280K, 100% used [0x00000000eab00000,0x00000000ecb80000,0x00000000ecb80000)
  from space 5120K, 0% used [0x00000000ed080000,0x00000000ed080000,0x00000000ed580000)
  to   space 5120K, 0% used [0x00000000ecb80000,0x00000000ecb80000,0x00000000ed080000)
 ParOldGen       total 87552K, used 0K [0x00000000c0000000, 0x00000000c5580000, 0x00000000eab00000)
  object space 87552K, 0% used [0x00000000c0000000,0x00000000c0000000,0x00000000c5580000)
 Metaspace       used 6039K, capacity 7024K, committed 7296K, reserved 1056768K
  class space    used 598K, capacity 616K, committed 640K, reserved 1048576K
Event: 4.133 GC heap after
Heap after GC invocations=1 (full 0):
 PSYoungGen      total 38400K, used 5103K [0x00000000eab00000, 0x00000000ef600000, 0x0000000100000000)
  eden space 33280K, 0% used [0x00000000eab00000,0x00000000eab00000,0x00000000ecb80000)
  from space 5120K, 99% used [0x00000000ecb80000,0x00000000ed07bc98,0x00000000ed080000)
  to   space 5120K, 0% used [0x00000000ef100000,0x00000000ef100000,0x00000000ef600000)
 ParOldGen       total 87552K, used 1861K [0x00000000c0000000, 0x00000000c5580000, 0x00000000eab00000)
  object space 87552K, 2% used [0x00000000c0000000,0x00000000c01d15e0,0x00000000c5580000)
 Metaspace       used 6039K, capacity 7024K, committed 7296K, reserved 1056768K
  class space    used 598K, capacity 616K, committed 640K, reserved 1048576K
}
Event: 5.191 GC heap before
{Heap before GC invocations=2 (full 0):
 PSYoungGen      total 38400K, used 38383K [0x00000000eab00000, 0x00000000ef600000, 0x0000000100000000)
  eden space 33280K, 100% used [0x00000000eab00000,0x00000000ecb80000,0x00000000ecb80000)
  from space 5120K, 99% used [0x00000000ecb80000,0x00000000ed07bc98,0x00000000ed080000)
  to   space 5120K, 0% used [0x00000000ef100000,0x00000000ef100000,0x00000000ef600000)
 ParOldGen       total 87552K, used 1861K [0x00000000c0000000, 0x00000000c5580000, 0x00000000eab00000)
  object space 87552K, 2% used [0x00000000c0000000,0x00000000c01d15e0,0x00000000c5580000)
 Metaspace       used 6191K, capacity 7088K, committed 7296K, reserved 1056768K
  class space    used 598K, capacity 616K, committed 640K, reserved 1048576K
Event: 5.233 GC heap after
Heap after GC invocations=2 (full 0):
 PSYoungGen      total 71680K, used 5090K [0x00000000eab00000, 0x00000000ef600000, 0x0000000100000000)
  eden space 66560K, 0% used [0x00000000eab00000,0x00000000eab00000,0x00000000eec00000)
  from space 5120K, 99% used [0x00000000ef100000,0x00000000ef5f8ac8,0x00000000ef600000)
  to   space 5120K, 0% used [0x00000000eec00000,0x00000000eec00000,0x00000000ef100000)
 ParOldGen       total 87552K, used 6435K [0x00000000c0000000, 0x00000000c5580000, 0x00000000eab00000)
  object space 87552K, 7% used [0x00000000c0000000,0x00000000c0648d78,0x00000000c5580000)
 Metaspace       used 6191K, capacity 7088K, committed 7296K, reserved 1056768K
  class space    used 598K, capacity 616K, committed 640K, reserved 1048576K
}
Event: 7.108 GC heap before
{Heap before GC invocations=3 (full 0):
 PSYoungGen      total 71680K, used 71650K [0x00000000eab00000, 0x00000000ef600000, 0x0000000100000000)
  eden space 66560K, 100% used [0x00000000eab00000,0x00000000eec00000,0x00000000eec00000)
  from space 5120K, 99% used [0x00000000ef100000,0x00000000ef5f8ac8,0x00000000ef600000)
  to   space 5120K, 0% used [0x00000000eec00000,0x00000000eec00000,0x00000000ef100000)
 ParOldGen       total 87552K, used 6435K [0x00000000c0000000, 0x00000000c5580000, 0x00000000eab00000)
  object space 87552K, 7% used [0x00000000c0000000,0x00000000c0648d78,0x00000000c5580000)
 Metaspace       used 6237K, capacity 7152K, committed 7296K, reserved 1056768K
  class space    used 598K, capacity 616K, committed 640K, reserved 1048576K
Event: 7.147 GC heap after
Heap after GC invocations=3 (full 0):
 PSYoungGen      total 71680K, used 5091K [0x00000000eab00000, 0x00000000f3700000, 0x0000000100000000)
  eden space 66560K, 0% used [0x00000000eab00000,0x00000000eab00000,0x00000000eec00000)
  from space 5120K, 99% used [0x00000000eec00000,0x00000000ef0f8e00,0x00000000ef100000)
  to   space 5120K, 0% used [0x00000000f3200000,0x00000000f3200000,0x00000000f3700000)
 ParOldGen       total 87552K, used 16629K [0x00000000c0000000, 0x00000000c5580000, 0x00000000eab00000)
  object space 87552K, 18% used [0x00000000c0000000,0x00000000c103d528,0x00000000c5580000)
 Metaspace       used 6237K, capacity 7152K, committed 7296K, reserved 1056768K
  class space    used 598K, capacity 616K, committed 640K, reserved 1048576K
}

Deoptimization events (10 events):
Event: 7.598 Thread 0x00000000171ec800 Uncommon trap: reason=bimorphic action=maybe_recompile pc=0x000000000389df24 method=com.android.dx.cf.code.RopperMachine.run(Lcom/android/dx/cf/code/Frame;II)V @ 988
Event: 7.644 Thread 0x00000000171ce800 Uncommon trap: reason=unstable_if action=reinterpret pc=0x00000000038efef4 method=com.android.dx.rop.code.BasicBlockList.preferredSuccessorOf(Lcom/android/dx/rop/code/BasicBlock;)Lcom/android/dx/rop/code/BasicBlock; @ 58
Event: 7.683 Thread 0x00000000031be000 Uncommon trap: reason=class_check action=maybe_recompile pc=0x000000000360ed04 method=java.util.HashMap.putVal(ILjava/lang/Object;Ljava/lang/Object;ZZ)Ljava/lang/Object; @ 203
Event: 7.729 Thread 0x00000000171d4800 Uncommon trap: reason=unstable_if action=reinterpret pc=0x0000000003967f8c method=com.android.dx.dex.code.OutputFinisher.hasLocalInfo(Lcom/android/dx/dex/code/DalvInsn;)Z @ 24
Event: 7.746 Thread 0x00000000171ec800 Uncommon trap: reason=bimorphic action=maybe_recompile pc=0x00000000033fd1e4 method=java.util.HashMap.getNode(ILjava/lang/Object;)Ljava/util/HashMap$Node; @ 126
Event: 7.751 Thread 0x00000000031be000 Uncommon trap: reason=class_check action=maybe_recompile pc=0x00000000035df188 method=java.util.Arrays.hashCode([Ljava/lang/Object;)I @ 43
Event: 7.751 Thread 0x00000000031be000 Uncommon trap: reason=class_check action=maybe_recompile pc=0x00000000035df188 method=java.util.Arrays.hashCode([Ljava/lang/Object;)I @ 43
Event: 7.752 Thread 0x00000000031be000 Uncommon trap: reason=class_check action=maybe_recompile pc=0x00000000035df188 method=java.util.Arrays.hashCode([Ljava/lang/Object;)I @ 43
Event: 7.753 Thread 0x00000000031be000 Uncommon trap: reason=class_check action=maybe_recompile pc=0x00000000035df188 method=java.util.Arrays.hashCode([Ljava/lang/Object;)I @ 43
Event: 7.790 Thread 0x00000000031be000 Uncommon trap: reason=class_check action=maybe_recompile pc=0x00000000036db54c method=java.util.HashMap.putVal(ILjava/lang/Object;Ljava/lang/Object;ZZ)Ljava/lang/Object; @ 203

Internal exceptions (4 events):
Event: 1.511 Thread 0x00000000031be000 Exception <a 'java/lang/NoSuchMethodError': Method sun.misc.Unsafe.defineClass(Ljava/lang/String;[BII)Ljava/lang/Class; name or signature does not match> (0x00000000eab13080) thrown at [D:\re\puppet\workspace\8-2-build-windows-amd64-cygwin\jdk8u73\6086\hotyÁajX.¯?
Event: 1.511 Thread 0x00000000031be000 Exception <a 'java/lang/NoSuchMethodError': Method sun.misc.Unsafe.prefetchRead(Ljava/lang/Object;J)V name or signature does not match> (0x00000000eab13368) thrown at [D:\re\puppet\workspace\8-2-build-windows-amd64-cygwin\jdk8u73\6086\hotspot\src\share\vm\K #èƒ/@
Event: 2.898 Thread 0x00000000171d4800 Implicit null exception at 0x00000000034dee21 to 0x00000000034e101d
Event: 3.538 Thread 0x00000000171eb800 Implicit null exception at 0x000000000352b862 to 0x000000000352b95a

Events (10 events):
Event: 7.752 Thread 0x00000000031be000 DEOPT PACKING pc=0x00000000035df188 sp=0x0000000002cced30
Event: 7.752 Thread 0x00000000031be000 DEOPT UNPACKING pc=0x000000000320582a sp=0x0000000002ccec60 mode 2
Event: 7.753 Thread 0x00000000031be000 Uncommon trap: trap_request=0xffffffde fr.pc=0x00000000035df188
Event: 7.753 Thread 0x00000000031be000 DEOPT PACKING pc=0x00000000035df188 sp=0x0000000002cced50
Event: 7.753 Thread 0x00000000031be000 DEOPT UNPACKING pc=0x000000000320582a sp=0x0000000002ccec80 mode 2
Event: 7.790 Thread 0x00000000031be000 Uncommon trap: trap_request=0xffffffde fr.pc=0x00000000036db54c
Event: 7.790 Thread 0x00000000031be000 DEOPT PACKING pc=0x00000000036db54c sp=0x0000000002ccee60
Event: 7.790 Thread 0x00000000031be000 DEOPT UNPACKING pc=0x000000000320582a sp=0x0000000002cced98 mode 2
Event: 7.801 loading class com/android/dx/dex/file/CatchStructs
Event: 7.801 loading class com/android/dx/dex/file/CatchStructs done


Dynamic libraries:
0x00007ff7d4550000 - 0x00007ff7d4587000 	C:\Program Files\Java\jdk1.8.0_73\bin\java.exe
0x00007ff91f660000 - 0x00007ff91f821000 	C:\WINDOWS\SYSTEM32\ntdll.dll
0x00007ff91ca60000 - 0x00007ff91cb0d000 	C:\WINDOWS\system32\KERNEL32.DLL
0x00007ff91c410000 - 0x00007ff91c5f8000 	C:\WINDOWS\system32\KERNELBASE.dll
0x00007ff91ee60000 - 0x00007ff91ef07000 	C:\WINDOWS\system32\ADVAPI32.dll
0x00007ff91cb10000 - 0x00007ff91cbad000 	C:\WINDOWS\system32\msvcrt.dll
0x00007ff91f2a0000 - 0x00007ff91f2fb000 	C:\WINDOWS\system32\sechost.dll
0x00007ff91f530000 - 0x00007ff91f64c000 	C:\WINDOWS\system32\RPCRT4.dll
0x00007ff91f300000 - 0x00007ff91f456000 	C:\WINDOWS\system32\USER32.dll
0x00007ff91ecd0000 - 0x00007ff91ee56000 	C:\WINDOWS\system32\GDI32.dll
0x00007ff90ea20000 - 0x00007ff90ec94000 	C:\WINDOWS\WinSxS\amd64_microsoft.windows.common-controls_6595b64144ccf1df_6.0.10586.672_none_a2d6b3cea53ff843\COMCTL32.dll
0x00007ff91cef0000 - 0x00007ff91d16d000 	C:\WINDOWS\system32\combase.dll
0x00007ff91c660000 - 0x00007ff91c6ca000 	C:\WINDOWS\system32\bcryptPrimitives.dll
0x00007ff91ce50000 - 0x00007ff91ce8b000 	C:\WINDOWS\system32\IMM32.DLL
0x00000000509c0000 - 0x0000000050a92000 	C:\Program Files\Java\jdk1.8.0_73\jre\bin\msvcr100.dll
0x0000000076a40000 - 0x00000000772d0000 	C:\Program Files\Java\jdk1.8.0_73\jre\bin\server\jvm.dll
0x00007ff91f650000 - 0x00007ff91f658000 	C:\WINDOWS\system32\PSAPI.DLL
0x00007ff91a5c0000 - 0x00007ff91a5c9000 	C:\WINDOWS\SYSTEM32\WSOCK32.dll
0x00007ff91f460000 - 0x00007ff91f4cb000 	C:\WINDOWS\system32\WS2_32.dll
0x00007ff91a3d0000 - 0x00007ff91a3f3000 	C:\WINDOWS\SYSTEM32\WINMM.dll
0x00007ff90e0f0000 - 0x00007ff90e0fa000 	C:\WINDOWS\SYSTEM32\VERSION.dll
0x00007ff91a3a0000 - 0x00007ff91a3cc000 	C:\WINDOWS\SYSTEM32\WINMMBASE.dll
0x00007ff91c8c0000 - 0x00007ff91c903000 	C:\WINDOWS\system32\cfgmgr32.dll
0x00000000509b0000 - 0x00000000509bf000 	C:\Program Files\Java\jdk1.8.0_73\jre\bin\verify.dll
0x0000000050980000 - 0x00000000509a9000 	C:\Program Files\Java\jdk1.8.0_73\jre\bin\java.dll
0x0000000050610000 - 0x0000000050626000 	C:\Program Files\Java\jdk1.8.0_73\jre\bin\zip.dll
0x00007ff91d170000 - 0x00007ff91e6cc000 	C:\WINDOWS\system32\SHELL32.dll
0x00007ff91bd10000 - 0x00007ff91c355000 	C:\WINDOWS\system32\windows.storage.dll
0x00007ff91ce90000 - 0x00007ff91cee2000 	C:\WINDOWS\system32\shlwapi.dll
0x00007ff91bd00000 - 0x00007ff91bd0f000 	C:\WINDOWS\system32\kernel.appcore.dll
0x00007ff91c9a0000 - 0x00007ff91ca55000 	C:\WINDOWS\system32\shcore.dll
0x00007ff91bc80000 - 0x00007ff91bccb000 	C:\WINDOWS\system32\powrprof.dll
0x00007ff91bce0000 - 0x00007ff91bcf4000 	C:\WINDOWS\system32\profapi.dll

VM Arguments:
jvm_args: -Djava.awt.headless=true -Xmx1024M -Dfile.encoding=UTF-8 -Duser.country=CN -Duser.language=zh -Duser.variant 
java_command: com.android.dx.command.Main --dex --force-jumbo --num-threads=4 --output F:\Gogoo\app\build\intermediates\pre-dexed\debug\com.facebook.fresco-imagepipeline-0.8.1_3c714c8fc19b50220909048be02ec0dc65c0b6c1.jar F:\Gogoo\app\build\intermediates\exploded-aar\com.facebook.fresco\imagepipeline\0.8.1\jars\classes.jar
java_class_path (initial): D:\androidSDK\build-tools\23.0.1\lib\dx.jar
Launcher Type: SUN_STANDARD

Environment Variables:
JAVA_HOME=C:\Program Files\Java\jdk1.8.0_73
CLASSPATH=.;C:\Program Files\Java\jdk1.8.0_73\lib;
PATH=F:\python\Lib\site-packages\PyQt5;C:\ProgramData\Oracle\Java\javapath;E:\app\lenovo\product\12.1.0\dbhome_1\bin;C:\Program Files\Java\jdk1.8.0_73\bin;C:\Program Files\Java\jdk1.8.0_73\jre\bin;D:\Git\cmd;D:\Microsoft SQL Server (x86)\100\Tools\Binn\;D:\Microsoft SQL Server\100\Tools\Binn\;D:\Microsoft SQL Server\100\DTS\Binn\;D:\Microsoft SQL Server (x86)\100\Tools\Binn\VSShell\Common7\IDE\;D:\Microsoft SQL Server (x86)\100\DTS\Binn\;C:\Program Files (x86)\Microsoft Visual Studio 9.0\Common7\IDE\PrivateAssemblies\;C:\WINDOWS\system32;C:\WINDOWS;C:\WINDOWS\System32\Wbem;C:\WINDOWS\System32\WindowsPowerShell\v1.0\;F:\pythonloc;D:\MinGW\bin;D:\Masm\bin;D:\php5.5;C:\Program Files (x86)\GtkSharp\2.12\bin;F:\node.js\;C:\WINDOWS\system32\config\systemprofile\.dnx\bin;C:\Program Files\Microsoft DNX\Dnvm\;C:\Program Files (x86)\Windows Kits\8.1\Windows Performance Toolkit\;C:\Program Files\Microsoft SQL Server\130\Tools\Binn\;C:\ProgramData\chocolatey\bin;D:\androidSDK\tools;F:\python\Scripts\;F:\python\;C:\Users\lenovo\AppData\Roaming\npm;D:\androidSDK\platform-tools;D:\androidSDK\tools
USERNAME=lenovo
OS=Windows_NT
PROCESSOR_IDENTIFIER=Intel64 Family 6 Model 61 Stepping 4, GenuineIntel



---------------  S Y S T E M  ---------------

OS: Windows 10.0 , 64 bit Build 10586 (10.0.10586.589)

CPU:total 4 (2 cores per cpu, 2 threads per core) family 6 model 61 stepping 4, cmov, cx8, fxsr, mmx, sse, sse2, sse3, ssse3, sse4.1, sse4.2, popcnt, avx, avx2, aes, clmul, erms, 3dnowpref, lzcnt, ht, tsc, tscinvbit, bmi1, bmi2, adx

Memory: 4k page, physical 8298844k(1376612k free), swap 10253660k(38736k free)

vm_info: Java HotSpot(TM) 64-Bit Server VM (25.73-b02) for windows-amd64 JRE (1.8.0_73-b02), built on Jan 29 2016 17:38:49 by "java_re" with MS VC++ 10.0 (VS2010)

time: Sun Mar 19 01:06:15 2017
elapsed time: 8 seconds (0d 0h 0m 8s)

